<?xml version="1.0" encoding="UTF-8"?>
<testng-results skipped="0" failed="0" ignored="0" total="1" passed="1">
  <reporter-output>
  </reporter-output>
  <suite name="InternetBanking_Application" duration-ms="38609" started-at="2020-05-10T23:35:56 IST" finished-at="2020-05-10T23:36:35 IST">
    <groups>
    </groups>
    <test name="Banking Application Test" duration-ms="38609" started-at="2020-05-10T23:35:56 IST" finished-at="2020-05-10T23:36:35 IST">
      <class name="com.qa.testclass.TC_LoginTest_Again">
        <test-method status="PASS" signature="setUp(java.lang.String)[pri:0, instance:com.qa.testclass.TC_LoginTest_Again@394e1a0f]" name="setUp" is-config="true" duration-ms="20288" started-at="2020-05-10T23:35:56 IST" finished-at="2020-05-10T23:36:17 IST">
          <params>
            <param index="0">
              <value>
                <![CDATA[firefox]]>
              </value>
            </param>
          </params>
          <reporter-output>
          </reporter-output>
        </test-method> <!-- setUp -->
        <test-method status="PASS" signature="LoiginTestClass()[pri:0, instance:com.qa.testclass.TC_LoginTest_Again@394e1a0f]" name="LoiginTestClass" duration-ms="11570" started-at="2020-05-10T23:36:17 IST" finished-at="2020-05-10T23:36:28 IST">
          <reporter-output>
          </reporter-output>
        </test-method> <!-- LoiginTestClass -->
        <test-method status="PASS" signature="tearDown()[pri:0, instance:com.qa.testclass.TC_LoginTest_Again@394e1a0f]" name="tearDown" is-config="true" duration-ms="6474" started-at="2020-05-10T23:36:28 IST" finished-at="2020-05-10T23:36:35 IST">
          <reporter-output>
          </reporter-output>
        </test-method> <!-- tearDown -->
      </class> <!-- com.qa.testclass.TC_LoginTest_Again -->
    </test> <!-- Banking Application Test -->
  </suite> <!-- InternetBanking_Application -->
</testng-results>
